1643764495061	geckodriver	INFO	Listening on 127.0.0.1:59531
1643764495089	mozrunner::runner	INFO	Running command: "/Applications/Firefox.app/Contents/MacOS/firefox-bin" "--marionette" "--remote-debugging-port" "59532" "-foreground" "-no-remote" "-profile" "/var/folders/6y/kvcnhfhn2jz10rzqfycxlv380000gn/T/rust_mozprofile4SoxT2"
DevTools listening on ws://localhost:59532/devtools/browser/3ff68a33-49a3-7241-be71-dae068eb16dd
1643764579831	geckodriver	INFO	Listening on 127.0.0.1:59925
1643764580352	mozrunner::runner	INFO	Running command: "/Applications/Firefox.app/Contents/MacOS/firefox-bin" "--marionette" "--remote-debugging-port" "59926" "-foreground" "-no-remote" "-profile" "/var/folders/6y/kvcnhfhn2jz10rzqfycxlv380000gn/T/rust_mozprofileyddlnG"
1643764580912	Marionette	INFO	Marionette enabled
console.warn: SearchSettings: "get: No settings file exists, new profile?" (new NotFoundError("Could not open the file at /var/folders/6y/kvcnhfhn2jz10rzqfycxlv380000gn/T/rust_mozprofileyddlnG/search.json.mozlz4", (void 0)))
console.error: BackgroundUpdate: 
  _reasonsToNotScheduleUpdates: Failed to check for Maintenance Service Registry Key: [Exception... "Component returned failure code: 0x80004001 (NS_ERROR_NOT_IMPLEMENTED) [nsIUpdateProcessor.getServiceRegKeyExists]"  nsresult: "0x80004001 (NS_ERROR_NOT_IMPLEMENTED)"  location: "JS frame :: resource://gre/modules/BackgroundUpdate.jsm :: _reasonsToNotScheduleUpdates :: line 243"  data: no]
DevTools listening on ws://localhost:59926/devtools/browser/40a20669-940a-704e-8e8a-1e997e26bdf6
1643764583636	Marionette	INFO	Listening on port 59933
1643764583706	Marionette	WARN	TLS certificate errors will be ignored for this session
1643764595995	Marionette	INFO	Stopped listening on port 59933
!!! error running onStopped callback: TypeError: callback is not a function

###!!! [Parent][RunMessage] Error: Channel closing: too late to send/recv, messages will be lost

1643764596526	RemoteAgent	ERROR	unable to stop listener: [Exception... "Component returned failure code: 0x8000ffff (NS_ERROR_UNEXPECTED) [nsIWindowMediator.getEnumerator]"  nsresult: "0x8000ffff (NS_ERROR_UNEXPECTED)"  location: "JS frame :: chrome://remote/content/cdp/observers/TargetObserver.jsm :: stop :: line 64"  data: no] Stack trace: stop()@TargetObserver.jsm:64
unwatchForTabs()@TargetList.jsm:70
unwatchForTargets()@TargetList.jsm:37
destructor()@TargetList.jsm:109
close()@RemoteAgent.jsm:129
1643804670372	geckodriver	INFO	Listening on 127.0.0.1:60403
1643804673451	mozrunner::runner	INFO	Running command: "C:\\Program Files\\Mozilla Firefox\\firefox.exe" "--marionette" "--remote-debugging-port" "60404" "-no-remote" "-profile" "C:\\Users\\artem\\AppData\\Local\\Temp\\rust_mozprofile7Pd39D"
1643804673675	Marionette	INFO	Marionette enabled
console.warn: SearchSettings: "get: No settings file exists, new profile?" (new NotFoundError("Could not open the file at C:\\Users\\artem\\AppData\\Local\\Temp\\rust_mozprofile7Pd39D\\search.json.mozlz4", (void 0)))
DevTools listening on ws://localhost:60404/devtools/browser/70d480b6-4a39-4835-942a-87283b5c6a1d
1643804675369	Marionette	INFO	Listening on port 60411
1643804675516	RemoteAgent	WARN	TLS certificate errors will be ignored for this session
1643804687726	Marionette	INFO	Stopped listening on port 60411

###!!! [Parent][MessageChannel] Error: (msgtype=0x3A007A,name=PContent::Msg_DestroyBrowsingContextGroup) Closed channel: cannot send/recv


###!!! [Parent][RunMessage] Error: Channel closing: too late to send/recv, messages will be lost

1643804714256	geckodriver	INFO	Listening on 127.0.0.1:60561
1643804717323	mozrunner::runner	INFO	Running command: "C:\\Program Files\\Mozilla Firefox\\firefox.exe" "--marionette" "--remote-debugging-port" "60562" "-no-remote" "-profile" "C:\\Users\\artem\\AppData\\Local\\Temp\\rust_mozprofile8YQSuM"
1643804717521	Marionette	INFO	Marionette enabled
console.warn: SearchSettings: "get: No settings file exists, new profile?" (new NotFoundError("Could not open the file at C:\\Users\\artem\\AppData\\Local\\Temp\\rust_mozprofile8YQSuM\\search.json.mozlz4", (void 0)))
DevTools listening on ws://localhost:60562/devtools/browser/9078e383-7971-4587-9910-41e27974afa0
1643804718906	Marionette	INFO	Listening on port 60583
1643804719385	RemoteAgent	WARN	TLS certificate errors will be ignored for this session
1643804719474	Marionette	INFO	Stopped listening on port 60583
1643804739530	geckodriver	INFO	Listening on 127.0.0.1:60709
1643804742615	mozrunner::runner	INFO	Running command: "C:\\Program Files\\Mozilla Firefox\\firefox.exe" "--marionette" "--remote-debugging-port" "60710" "-no-remote" "-profile" "C:\\Users\\artem\\AppData\\Local\\Temp\\rust_mozprofiles0B3V3"
1643804742900	Marionette	INFO	Marionette enabled
console.warn: SearchSettings: "get: No settings file exists, new profile?" (new NotFoundError("Could not open the file at C:\\Users\\artem\\AppData\\Local\\Temp\\rust_mozprofiles0B3V3\\search.json.mozlz4", (void 0)))
DevTools listening on ws://localhost:60710/devtools/browser/01f7097f-1b85-4f27-b945-3749cc1c2b6a
1643804744372	Marionette	INFO	Listening on port 60720
1643804744640	RemoteAgent	WARN	TLS certificate errors will be ignored for this session
1643804756047	Marionette	INFO	Stopped listening on port 60720

###!!! [Parent][MessageChannel] Error: (msgtype=0x3A007A,name=PContent::Msg_DestroyBrowsingContextGroup) Closed channel: cannot send/recv

1643805036446	geckodriver	INFO	Listening on 127.0.0.1:53997
1643805039528	mozrunner::runner	INFO	Running command: "C:\\Program Files\\Mozilla Firefox\\firefox.exe" "--marionette" "--remote-debugging-port" "53998" "-no-remote" "-profile" "C:\\Users\\artem\\AppData\\Local\\Temp\\rust_mozprofileTGa4xL"
1643805039721	Marionette	INFO	Marionette enabled
console.warn: SearchSettings: "get: No settings file exists, new profile?" (new NotFoundError("Could not open the file at C:\\Users\\artem\\AppData\\Local\\Temp\\rust_mozprofileTGa4xL\\search.json.mozlz4", (void 0)))
DevTools listening on ws://localhost:53998/devtools/browser/92ce85ac-c2b6-45da-8fe0-a9d77600e4ac
1643805040984	Marionette	INFO	Listening on port 51690
1643805041073	RemoteAgent	WARN	TLS certificate errors will be ignored for this session
1643805079503	Marionette	INFO	Stopped listening on port 51690

###!!! [Parent][MessageChannel] Error: (msgtype=0x3A007A,name=PContent::Msg_DestroyBrowsingContextGroup) Closed channel: cannot send/recv


###!!! [Parent][RunMessage] Error: Channel closing: too late to send/recv, messages will be lost

1643805173414	geckodriver	INFO	Listening on 127.0.0.1:51939
1643805176488	mozrunner::runner	INFO	Running command: "C:\\Program Files\\Mozilla Firefox\\firefox.exe" "--marionette" "--remote-debugging-port" "51940" "-no-remote" "-profile" "C:\\Users\\artem\\AppData\\Local\\Temp\\rust_mozprofilecXUWz0"
1643805176680	Marionette	INFO	Marionette enabled
console.warn: SearchSettings: "get: No settings file exists, new profile?" (new NotFoundError("Could not open the file at C:\\Users\\artem\\AppData\\Local\\Temp\\rust_mozprofilecXUWz0\\search.json.mozlz4", (void 0)))
DevTools listening on ws://localhost:51940/devtools/browser/8c3c95fb-2234-47e4-9be5-4ed528d31c40
1643805178181	Marionette	INFO	Listening on port 51954
1643805178535	RemoteAgent	WARN	TLS certificate errors will be ignored for this session
1643805198820	Marionette	INFO	Stopped listening on port 51954

###!!! [Parent][MessageChannel] Error: (msgtype=0x3A007A,name=PContent::Msg_DestroyBrowsingContextGroup) Closed channel: cannot send/recv


###!!! [Parent][RunMessage] Error: Channel closing: too late to send/recv, messages will be lost

1643805254806	geckodriver	INFO	Listening on 127.0.0.1:55122
1643805257902	mozrunner::runner	INFO	Running command: "C:\\Program Files\\Mozilla Firefox\\firefox.exe" "--marionette" "--remote-debugging-port" "55123" "-no-remote" "-profile" "C:\\Users\\artem\\AppData\\Local\\Temp\\rust_mozprofile3cL6Gi"
1643805258095	Marionette	INFO	Marionette enabled
console.warn: SearchSettings: "get: No settings file exists, new profile?" (new NotFoundError("Could not open the file at C:\\Users\\artem\\AppData\\Local\\Temp\\rust_mozprofile3cL6Gi\\search.json.mozlz4", (void 0)))
DevTools listening on ws://localhost:55123/devtools/browser/30c13b93-9d45-4adc-bac1-85655133f85b
1643805259686	Marionette	INFO	Listening on port 55131
1643805259937	RemoteAgent	WARN	TLS certificate errors will be ignored for this session
1643805290650	Marionette	INFO	Stopped listening on port 55131

###!!! [Parent][RunMessage] Error: Channel closing: too late to send/recv, messages will be lost

1643805452179	geckodriver	INFO	Listening on 127.0.0.1:64284
1643805455240	mozrunner::runner	INFO	Running command: "C:\\Program Files\\Mozilla Firefox\\firefox.exe" "--marionette" "--remote-debugging-port" "64285" "-no-remote" "-profile" "C:\\Users\\artem\\AppData\\Local\\Temp\\rust_mozprofilef5SmMu"
1643805455434	Marionette	INFO	Marionette enabled
console.warn: SearchSettings: "get: No settings file exists, new profile?" (new NotFoundError("Could not open the file at C:\\Users\\artem\\AppData\\Local\\Temp\\rust_mozprofilef5SmMu\\search.json.mozlz4", (void 0)))
DevTools listening on ws://localhost:64285/devtools/browser/737043fb-3734-4be3-bde0-297abfa6af85
1643805456899	Marionette	INFO	Listening on port 64292
1643805457272	RemoteAgent	WARN	TLS certificate errors will be ignored for this session
1643805485351	Marionette	INFO	Stopped listening on port 64292

###!!! [Parent][RunMessage] Error: Channel closing: too late to send/recv, messages will be lost

1643805656462	geckodriver	INFO	Listening on 127.0.0.1:49500
1643805659545	mozrunner::runner	INFO	Running command: "C:\\Program Files\\Mozilla Firefox\\firefox.exe" "--marionette" "--remote-debugging-port" "49501" "-no-remote" "-profile" "C:\\Users\\artem\\AppData\\Local\\Temp\\rust_mozprofileKewHij"
1643805659736	Marionette	INFO	Marionette enabled
console.warn: SearchSettings: "get: No settings file exists, new profile?" (new NotFoundError("Could not open the file at C:\\Users\\artem\\AppData\\Local\\Temp\\rust_mozprofileKewHij\\search.json.mozlz4", (void 0)))
DevTools listening on ws://localhost:49501/devtools/browser/df90877c-ff19-46f7-8b3c-7bcbc686278c
1643805661156	Marionette	INFO	Listening on port 49508
1643805661599	RemoteAgent	WARN	TLS certificate errors will be ignored for this session
1643805692292	Marionette	INFO	Stopped listening on port 49508

###!!! [Parent][RunMessage] Error: Channel closing: too late to send/recv, messages will be lost

1643805981212	geckodriver	INFO	Listening on 127.0.0.1:63613
1643805984299	mozrunner::runner	INFO	Running command: "C:\\Program Files\\Mozilla Firefox\\firefox.exe" "--marionette" "--remote-debugging-port" "63614" "-no-remote" "-profile" "C:\\Users\\artem\\AppData\\Local\\Temp\\rust_mozprofilemLYohS"
1643805984486	Marionette	INFO	Marionette enabled
console.warn: SearchSettings: "get: No settings file exists, new profile?" (new NotFoundError("Could not open the file at C:\\Users\\artem\\AppData\\Local\\Temp\\rust_mozprofilemLYohS\\search.json.mozlz4", (void 0)))
DevTools listening on ws://localhost:63614/devtools/browser/ef89c8ec-1180-4790-b2b9-8284869ef2d7
1643805986155	Marionette	INFO	Listening on port 63621
1643805986350	RemoteAgent	WARN	TLS certificate errors will be ignored for this session
1643806014494	Marionette	INFO	Stopped listening on port 63621
1643806202390	geckodriver	INFO	Listening on 127.0.0.1:64543
1643806205487	mozrunner::runner	INFO	Running command: "C:\\Program Files\\Mozilla Firefox\\firefox.exe" "--marionette" "--remote-debugging-port" "64544" "-no-remote" "-profile" "C:\\Users\\artem\\AppData\\Local\\Temp\\rust_mozprofile9OCK6d"
1643806205679	Marionette	INFO	Marionette enabled
console.warn: SearchSettings: "get: No settings file exists, new profile?" (new NotFoundError("Could not open the file at C:\\Users\\artem\\AppData\\Local\\Temp\\rust_mozprofile9OCK6d\\search.json.mozlz4", (void 0)))
DevTools listening on ws://localhost:64544/devtools/browser/b88b88dd-f7b5-4f8f-9e32-49da948e3e50
1643806207189	Marionette	INFO	Listening on port 64561
1643806207523	RemoteAgent	WARN	TLS certificate errors will be ignored for this session
1643806235708	Marionette	INFO	Stopped listening on port 64561

###!!! [Parent][RunMessage] Error: Channel closing: too late to send/recv, messages will be lost

1643806534222	geckodriver	INFO	Listening on 127.0.0.1:64546
1643806537309	mozrunner::runner	INFO	Running command: "C:\\Program Files\\Mozilla Firefox\\firefox.exe" "--marionette" "--remote-debugging-port" "64547" "-no-remote" "-profile" "C:\\Users\\artem\\AppData\\Local\\Temp\\rust_mozprofileQhZzBW"
1643806537497	Marionette	INFO	Marionette enabled
console.warn: SearchSettings: "get: No settings file exists, new profile?" (new NotFoundError("Could not open the file at C:\\Users\\artem\\AppData\\Local\\Temp\\rust_mozprofileQhZzBW\\search.json.mozlz4", (void 0)))
DevTools listening on ws://localhost:64547/devtools/browser/d02d9956-cead-4133-b627-37f6bafc4310
1643806539063	Marionette	INFO	Listening on port 64553
1643806539345	RemoteAgent	WARN	TLS certificate errors will be ignored for this session
1643806540939	Marionette	INFO	Stopped listening on port 64553
[Parent 18928, IPC I/O Parent] WARNING: file /builds/worker/checkouts/gecko/ipc/chromium/src/base/process_util_win.cc:167
1643806668279	geckodriver	INFO	Listening on 127.0.0.1:64856
1643806671365	mozrunner::runner	INFO	Running command: "C:\\Program Files\\Mozilla Firefox\\firefox.exe" "--marionette" "--remote-debugging-port" "64857" "-no-remote" "-profile" "C:\\Users\\artem\\AppData\\Local\\Temp\\rust_mozprofilehhMfnP"
1643806671557	Marionette	INFO	Marionette enabled
console.warn: SearchSettings: "get: No settings file exists, new profile?" (new NotFoundError("Could not open the file at C:\\Users\\artem\\AppData\\Local\\Temp\\rust_mozprofilehhMfnP\\search.json.mozlz4", (void 0)))
DevTools listening on ws://localhost:64857/devtools/browser/47b47d5c-445e-41b1-9dcd-90e64fefdb47
1643806673062	Marionette	INFO	Listening on port 58621
1643806673424	RemoteAgent	WARN	TLS certificate errors will be ignored for this session
1643806675044	Marionette	INFO	Stopped listening on port 58621
1643806704412	geckodriver	INFO	Listening on 127.0.0.1:58717
1643806707500	mozrunner::runner	INFO	Running command: "C:\\Program Files\\Mozilla Firefox\\firefox.exe" "--marionette" "--remote-debugging-port" "58718" "-no-remote" "-profile" "C:\\Users\\artem\\AppData\\Local\\Temp\\rust_mozprofileEMVvsL"
1643806707685	Marionette	INFO	Marionette enabled
console.warn: SearchSettings: "get: No settings file exists, new profile?" (new NotFoundError("Could not open the file at C:\\Users\\artem\\AppData\\Local\\Temp\\rust_mozprofileEMVvsL\\search.json.mozlz4", (void 0)))
DevTools listening on ws://localhost:58718/devtools/browser/c314a002-7de9-4278-8b0f-4284f862bf39
1643806709178	Marionette	INFO	Listening on port 58725
1643806709557	RemoteAgent	WARN	TLS certificate errors will be ignored for this session
1643806711139	Marionette	INFO	Stopped listening on port 58725
1643836321700	geckodriver	INFO	Listening on 127.0.0.1:56451
1643836324739	mozrunner::runner	INFO	Running command: "C:\\Program Files\\Mozilla Firefox\\firefox.exe" "--marionette" "--remote-debugging-port" "56452" "-no-remote" "-profile" "C:\\Users\\artem\\AppData\\Local\\Temp\\rust_mozprofile18tu7g"
1643836324935	Marionette	INFO	Marionette enabled
console.warn: SearchSettings: "get: No settings file exists, new profile?" (new NotFoundError("Could not open the file at C:\\Users\\artem\\AppData\\Local\\Temp\\rust_mozprofile18tu7g\\search.json.mozlz4", (void 0)))
DevTools listening on ws://localhost:56452/devtools/browser/dd716a19-4a4d-4323-a798-97f5f8eaab38
1643836326501	Marionette	INFO	Listening on port 56460
1643836326784	RemoteAgent	WARN	TLS certificate errors will be ignored for this session
1643836353955	Marionette	INFO	Stopped listening on port 56460

###!!! [Parent][RunMessage] Error: Channel closing: too late to send/recv, messages will be lost

1643836382253	geckodriver	INFO	Listening on 127.0.0.1:56566
1643836385290	mozrunner::runner	INFO	Running command: "C:\\Program Files\\Mozilla Firefox\\firefox.exe" "--marionette" "--remote-debugging-port" "56567" "-no-remote" "-profile" "C:\\Users\\artem\\AppData\\Local\\Temp\\rust_mozprofileihMbfA"
1643836385483	Marionette	INFO	Marionette enabled
console.warn: SearchSettings: "get: No settings file exists, new profile?" (new NotFoundError("Could not open the file at C:\\Users\\artem\\AppData\\Local\\Temp\\rust_mozprofileihMbfA\\search.json.mozlz4", (void 0)))
DevTools listening on ws://localhost:56567/devtools/browser/84e85c38-c88b-4190-ac8a-d359d809e878
1643836386961	Marionette	INFO	Listening on port 56577
1643836387325	RemoteAgent	WARN	TLS certificate errors will be ignored for this session
1643836416569	Marionette	INFO	Stopped listening on port 56577

###!!! [Parent][RunMessage] Error: Channel closing: too late to send/recv, messages will be lost

1643836523271	geckodriver	INFO	Listening on 127.0.0.1:60361
1643836526317	mozrunner::runner	INFO	Running command: "C:\\Program Files\\Mozilla Firefox\\firefox.exe" "--marionette" "--remote-debugging-port" "60362" "-no-remote" "-profile" "C:\\Users\\artem\\AppData\\Local\\Temp\\rust_mozprofileWyQUrb"
1643836526515	Marionette	INFO	Marionette enabled
console.warn: SearchSettings: "get: No settings file exists, new profile?" (new NotFoundError("Could not open the file at C:\\Users\\artem\\AppData\\Local\\Temp\\rust_mozprofileWyQUrb\\search.json.mozlz4", (void 0)))
DevTools listening on ws://localhost:60362/devtools/browser/afcf0ccb-9004-4324-bcce-ef64dc540b72
1643836527965	Marionette	INFO	Listening on port 60371
1643836528367	RemoteAgent	WARN	TLS certificate errors will be ignored for this session
1643836555488	Marionette	INFO	Stopped listening on port 60371

###!!! [Parent][RunMessage] Error: Channel closing: too late to send/recv, messages will be lost

1643836597376	geckodriver	INFO	Listening on 127.0.0.1:60531
1643836600435	mozrunner::runner	INFO	Running command: "C:\\Program Files\\Mozilla Firefox\\firefox.exe" "--marionette" "--remote-debugging-port" "60532" "-no-remote" "-profile" "C:\\Users\\artem\\AppData\\Local\\Temp\\rust_mozprofileo6gwvF"
1643836600624	Marionette	INFO	Marionette enabled
console.warn: SearchSettings: "get: No settings file exists, new profile?" (new NotFoundError("Could not open the file at C:\\Users\\artem\\AppData\\Local\\Temp\\rust_mozprofileo6gwvF\\search.json.mozlz4", (void 0)))
DevTools listening on ws://localhost:60532/devtools/browser/97e00fdd-27b6-4b8b-8b1b-ee24845ec73e
1643836602120	Marionette	INFO	Listening on port 60546
1643836602483	RemoteAgent	WARN	TLS certificate errors will be ignored for this session
1643836630068	Marionette	INFO	Stopped listening on port 60546

###!!! [Parent][RunMessage] Error: Channel closing: too late to send/recv, messages will be lost

1643836694669	geckodriver	INFO	Listening on 127.0.0.1:56485
1643836697739	mozrunner::runner	INFO	Running command: "C:\\Program Files\\Mozilla Firefox\\firefox.exe" "--marionette" "--remote-debugging-port" "56486" "-no-remote" "-profile" "C:\\Users\\artem\\AppData\\Local\\Temp\\rust_mozprofileIOOgol"
1643836697936	Marionette	INFO	Marionette enabled
console.warn: SearchSettings: "get: No settings file exists, new profile?" (new NotFoundError("Could not open the file at C:\\Users\\artem\\AppData\\Local\\Temp\\rust_mozprofileIOOgol\\search.json.mozlz4", (void 0)))
DevTools listening on ws://localhost:56486/devtools/browser/0f7d7572-2c69-49bf-8ba4-b683bd8ba122
1643836699505	Marionette	INFO	Listening on port 56495
1643836699779	RemoteAgent	WARN	TLS certificate errors will be ignored for this session
1643836721931	Marionette	INFO	Stopped listening on port 56495

###!!! [Parent][RunMessage] Error: Channel closing: too late to send/recv, messages will be lost

1643837009039	geckodriver	INFO	Listening on 127.0.0.1:61467
1643837012065	mozrunner::runner	INFO	Running command: "C:\\Program Files\\Mozilla Firefox\\firefox.exe" "--marionette" "--remote-debugging-port" "61468" "-no-remote" "-profile" "C:\\Users\\artem\\AppData\\Local\\Temp\\rust_mozprofileuVMfMU"
1643837012275	Marionette	INFO	Marionette enabled
console.warn: SearchSettings: "get: No settings file exists, new profile?" (new NotFoundError("Could not open the file at C:\\Users\\artem\\AppData\\Local\\Temp\\rust_mozprofileuVMfMU\\search.json.mozlz4", (void 0)))
DevTools listening on ws://localhost:61468/devtools/browser/d1a6b6b8-b2f1-4c89-933f-885dfb22e839
1643837013789	Marionette	INFO	Listening on port 61474
1643837014122	RemoteAgent	WARN	TLS certificate errors will be ignored for this session
1643837036488	Marionette	INFO	Stopped listening on port 61474

###!!! [Parent][RunMessage] Error: Channel closing: too late to send/recv, messages will be lost

1643837393295	geckodriver	INFO	Listening on 127.0.0.1:58835
1643837396331	mozrunner::runner	INFO	Running command: "C:\\Program Files\\Mozilla Firefox\\firefox.exe" "--marionette" "--remote-debugging-port" "58836" "-no-remote" "-profile" "C:\\Users\\artem\\AppData\\Local\\Temp\\rust_mozprofilexd1L7v"
1643837396519	Marionette	INFO	Marionette enabled
console.warn: SearchSettings: "get: No settings file exists, new profile?" (new NotFoundError("Could not open the file at C:\\Users\\artem\\AppData\\Local\\Temp\\rust_mozprofilexd1L7v\\search.json.mozlz4", (void 0)))
DevTools listening on ws://localhost:58836/devtools/browser/b2ed61e3-b3a8-4d9b-883a-2fe908c280b7
1643837398066	Marionette	INFO	Listening on port 58843
1643837398373	RemoteAgent	WARN	TLS certificate errors will be ignored for this session
1643837423565	Marionette	INFO	Stopped listening on port 58843

###!!! [Parent][RunMessage] Error: Channel closing: too late to send/recv, messages will be lost

1643837487289	geckodriver	INFO	Listening on 127.0.0.1:59027
1643837490329	mozrunner::runner	INFO	Running command: "C:\\Program Files\\Mozilla Firefox\\firefox.exe" "--marionette" "--remote-debugging-port" "59028" "-no-remote" "-profile" "C:\\Users\\artem\\AppData\\Local\\Temp\\rust_mozprofileUtftqV"
1643837490521	Marionette	INFO	Marionette enabled
console.warn: SearchSettings: "get: No settings file exists, new profile?" (new NotFoundError("Could not open the file at C:\\Users\\artem\\AppData\\Local\\Temp\\rust_mozprofileUtftqV\\search.json.mozlz4", (void 0)))
DevTools listening on ws://localhost:59028/devtools/browser/dc3e5171-e8bd-4dda-bff4-486af478d46a
1643837492107	Marionette	INFO	Listening on port 59034
1643837492380	RemoteAgent	WARN	TLS certificate errors will be ignored for this session
1643837515442	Marionette	INFO	Stopped listening on port 59034

###!!! [Parent][RunMessage] Error: Channel closing: too late to send/recv, messages will be lost

1643837601036	geckodriver	INFO	Listening on 127.0.0.1:59433
1643837604101	mozrunner::runner	INFO	Running command: "C:\\Program Files\\Mozilla Firefox\\firefox.exe" "--marionette" "--remote-debugging-port" "59434" "-no-remote" "-profile" "C:\\Users\\artem\\AppData\\Local\\Temp\\rust_mozprofile0Ilv8V"
1643837604293	Marionette	INFO	Marionette enabled
console.warn: SearchSettings: "get: No settings file exists, new profile?" (new NotFoundError("Could not open the file at C:\\Users\\artem\\AppData\\Local\\Temp\\rust_mozprofile0Ilv8V\\search.json.mozlz4", (void 0)))
DevTools listening on ws://localhost:59434/devtools/browser/11a6a7d0-80bd-47f6-a389-3de2b142386a
1643837605800	Marionette	INFO	Listening on port 59444
1643837606163	RemoteAgent	WARN	TLS certificate errors will be ignored for this session
1643837631325	Marionette	INFO	Stopped listening on port 59444
1643837650997	geckodriver	INFO	Listening on 127.0.0.1:54325
1643837654059	mozrunner::runner	INFO	Running command: "C:\\Program Files\\Mozilla Firefox\\firefox.exe" "--marionette" "--remote-debugging-port" "54326" "-no-remote" "-profile" "C:\\Users\\artem\\AppData\\Local\\Temp\\rust_mozprofile2YmZTo"
1643837654251	Marionette	INFO	Marionette enabled
console.warn: SearchSettings: "get: No settings file exists, new profile?" (new NotFoundError("Could not open the file at C:\\Users\\artem\\AppData\\Local\\Temp\\rust_mozprofile2YmZTo\\search.json.mozlz4", (void 0)))
DevTools listening on ws://localhost:54326/devtools/browser/d7722a74-7b86-4564-845a-c98c654f6c72
1643837655797	Marionette	INFO	Listening on port 54334
1643837656107	RemoteAgent	WARN	TLS certificate errors will be ignored for this session
1643837679208	Marionette	INFO	Stopped listening on port 54334

###!!! [Parent][RunMessage] Error: Channel closing: too late to send/recv, messages will be lost

1643837820987	geckodriver	INFO	Listening on 127.0.0.1:54584
1643837824019	mozrunner::runner	INFO	Running command: "C:\\Program Files\\Mozilla Firefox\\firefox.exe" "--marionette" "--remote-debugging-port" "54585" "-no-remote" "-profile" "C:\\Users\\artem\\AppData\\Local\\Temp\\rust_mozprofileozLE3v"
1643837824210	Marionette	INFO	Marionette enabled
console.warn: SearchSettings: "get: No settings file exists, new profile?" (new NotFoundError("Could not open the file at C:\\Users\\artem\\AppData\\Local\\Temp\\rust_mozprofileozLE3v\\search.json.mozlz4", (void 0)))
DevTools listening on ws://localhost:54585/devtools/browser/cef11a78-bb93-4592-9db3-ecc1a282285f
1643837825687	Marionette	INFO	Listening on port 54591
1643837826077	RemoteAgent	WARN	TLS certificate errors will be ignored for this session
1643837839493	Marionette	INFO	Stopped listening on port 54591
console.warn: TopSitesFeed: Failed to fetch data from Contile server: NetworkError when attempting to fetch resource.
JavaScript error: chrome://remote/content/marionette/cert.js, line 55: NS_ERROR_NOT_AVAILABLE: Component returned failure code: 0x80040111 (NS_ERROR_NOT_AVAILABLE) [nsICertOverrideService.setDisableAllSecurityChecksAndLetAttackersInterceptMyData]

###!!! [Parent][RunMessage] Error: Channel closing: too late to send/recv, messages will be lost

1643837857088	geckodriver	INFO	Listening on 127.0.0.1:54694
1643837860131	mozrunner::runner	INFO	Running command: "C:\\Program Files\\Mozilla Firefox\\firefox.exe" "--marionette" "--remote-debugging-port" "54695" "-no-remote" "-profile" "C:\\Users\\artem\\AppData\\Local\\Temp\\rust_mozprofileBtCmxx"
1643837860320	Marionette	INFO	Marionette enabled
console.warn: SearchSettings: "get: No settings file exists, new profile?" (new NotFoundError("Could not open the file at C:\\Users\\artem\\AppData\\Local\\Temp\\rust_mozprofileBtCmxx\\search.json.mozlz4", (void 0)))
DevTools listening on ws://localhost:54695/devtools/browser/94dc472c-1610-4c71-8e05-e7fed8a243d2
1643837861809	Marionette	INFO	Listening on port 54702
1643837862175	RemoteAgent	WARN	TLS certificate errors will be ignored for this session
1643837862184	Marionette	INFO	Stopped listening on port 54702

###!!! [Parent][RunMessage] Error: Channel closing: too late to send/recv, messages will be lost

1643837886627	geckodriver	INFO	Listening on 127.0.0.1:56659
1643837889682	mozrunner::runner	INFO	Running command: "C:\\Program Files\\Mozilla Firefox\\firefox.exe" "--marionette" "--remote-debugging-port" "56660" "-no-remote" "-profile" "C:\\Users\\artem\\AppData\\Local\\Temp\\rust_mozprofilegPZjQG"
1643837889876	Marionette	INFO	Marionette enabled
console.warn: SearchSettings: "get: No settings file exists, new profile?" (new NotFoundError("Could not open the file at C:\\Users\\artem\\AppData\\Local\\Temp\\rust_mozprofilegPZjQG\\search.json.mozlz4", (void 0)))
DevTools listening on ws://localhost:56660/devtools/browser/e6abd6c6-0d9f-454e-97aa-ad95e2aa1808
1643837891457	Marionette	INFO	Listening on port 56680
1643837891737	RemoteAgent	WARN	TLS certificate errors will be ignored for this session
1643837892000	Marionette	INFO	Stopped listening on port 56680

###!!! [Parent][RunMessage] Error: Channel closing: too late to send/recv, messages will be lost

1643837980675	geckodriver	INFO	Listening on 127.0.0.1:56805
1643837983742	mozrunner::runner	INFO	Running command: "C:\\Program Files\\Mozilla Firefox\\firefox.exe" "--marionette" "--remote-debugging-port" "56806" "-no-remote" "-profile" "C:\\Users\\artem\\AppData\\Local\\Temp\\rust_mozprofileH9Og0y"
1643837983937	Marionette	INFO	Marionette enabled
console.warn: SearchSettings: "get: No settings file exists, new profile?" (new NotFoundError("Could not open the file at C:\\Users\\artem\\AppData\\Local\\Temp\\rust_mozprofileH9Og0y\\search.json.mozlz4", (void 0)))
DevTools listening on ws://localhost:56806/devtools/browser/853deb24-b3f9-4af2-add9-af587924b6f0
1643837985443	Marionette	INFO	Listening on port 56817
1643837985793	RemoteAgent	WARN	TLS certificate errors will be ignored for this session
1643837985989	Marionette	INFO	Stopped listening on port 56817

###!!! [Parent][RunMessage] Error: Channel closing: too late to send/recv, messages will be lost

1643838029486	geckodriver	INFO	Listening on 127.0.0.1:56912
1643838032539	mozrunner::runner	INFO	Running command: "C:\\Program Files\\Mozilla Firefox\\firefox.exe" "--marionette" "--remote-debugging-port" "56913" "-no-remote" "-profile" "C:\\Users\\artem\\AppData\\Local\\Temp\\rust_mozprofileRtTuu8"
1643838032729	Marionette	INFO	Marionette enabled
console.warn: SearchSettings: "get: No settings file exists, new profile?" (new NotFoundError("Could not open the file at C:\\Users\\artem\\AppData\\Local\\Temp\\rust_mozprofileRtTuu8\\search.json.mozlz4", (void 0)))
DevTools listening on ws://localhost:56913/devtools/browser/7255771a-670c-42df-a1c9-f817f1318e7b
1643838034049	Marionette	INFO	Listening on port 56924
1643838034071	RemoteAgent	WARN	TLS certificate errors will be ignored for this session
1643838034258	Marionette	INFO	Stopped listening on port 56924
console.error: Region.jsm: "Error fetching region" (new TypeError("NetworkError when attempting to fetch resource.", ""))
console.error: Region.jsm: "Failed to fetch region" (new Error("NO_RESULT", "resource://gre/modules/Region.jsm", 419))
1643838041190	geckodriver	INFO	Listening on 127.0.0.1:56960
1643838044261	mozrunner::runner	INFO	Running command: "C:\\Program Files\\Mozilla Firefox\\firefox.exe" "--marionette" "--remote-debugging-port" "56961" "-no-remote" "-profile" "C:\\Users\\artem\\AppData\\Local\\Temp\\rust_mozprofileczb0zw"
1643838044459	Marionette	INFO	Marionette enabled
console.warn: SearchSettings: "get: No settings file exists, new profile?" (new NotFoundError("Could not open the file at C:\\Users\\artem\\AppData\\Local\\Temp\\rust_mozprofileczb0zw\\search.json.mozlz4", (void 0)))
DevTools listening on ws://localhost:56961/devtools/browser/237667f3-3a5a-4a66-b8e9-2ff4ec12bc92
1643838045855	Marionette	INFO	Listening on port 56967
1643838046298	RemoteAgent	WARN	TLS certificate errors will be ignored for this session
1643838046481	Marionette	INFO	Stopped listening on port 56967

###!!! [Parent][RunMessage] Error: Channel closing: too late to send/recv, messages will be lost

1643838239520	geckodriver	INFO	Listening on 127.0.0.1:52651
1643838242574	mozrunner::runner	INFO	Running command: "C:\\Program Files\\Mozilla Firefox\\firefox.exe" "--marionette" "--remote-debugging-port" "52652" "-no-remote" "-profile" "C:\\Users\\artem\\AppData\\Local\\Temp\\rust_mozprofilesLf6dK"
1643838242766	Marionette	INFO	Marionette enabled
console.warn: SearchSettings: "get: No settings file exists, new profile?" (new NotFoundError("Could not open the file at C:\\Users\\artem\\AppData\\Local\\Temp\\rust_mozprofilesLf6dK\\search.json.mozlz4", (void 0)))
DevTools listening on ws://localhost:52652/devtools/browser/bfa75487-5dbd-4031-8e0c-2ae657f0123a
1643838244264	Marionette	INFO	Listening on port 52665
1643838244612	RemoteAgent	WARN	TLS certificate errors will be ignored for this session
JavaScript error: , line 0: NS_ERROR_NOT_AVAILABLE
JavaScript error: , line 0: NS_ERROR_NOT_AVAILABLE
JavaScript error: , line 0: NS_ERROR_NOT_AVAILABLE
1644015114071	Marionette	INFO	Stopped listening on port 52665
console.warn: TopSitesFeed: Failed to fetch data from Contile server: NetworkError when attempting to fetch resource.

###!!! [Parent][RunMessage] Error: Channel closing: too late to send/recv, messages will be lost

1644380444749	geckodriver	INFO	Listening on 127.0.0.1:62687
1644380447799	mozrunner::runner	INFO	Running command: "C:\\Program Files\\Mozilla Firefox\\firefox.exe" "--marionette" "--remote-debugging-port" "62688" "-no-remote" "-profile" "C:\\Users\\artem\\AppData\\Local\\Temp\\rust_mozprofile2bDlan"
1644380448034	Marionette	INFO	Marionette enabled
console.warn: SearchSettings: "get: No settings file exists, new profile?" (new NotFoundError("Could not open the file at C:\\Users\\artem\\AppData\\Local\\Temp\\rust_mozprofile2bDlan\\search.json.mozlz4", (void 0)))
DevTools listening on ws://localhost:62688/devtools/browser/ec9bc6a3-17b0-44f5-9f9e-6e30549aa1b0
1644380449364	Marionette	INFO	Listening on port 62694
1644380449874	RemoteAgent	WARN	TLS certificate errors will be ignored for this session
1644380461579	Marionette	INFO	Stopped listening on port 62694

###!!! [Parent][MessageChannel] Error: (msgtype=0x3A007A,name=PContent::Msg_DestroyBrowsingContextGroup) Closed channel: cannot send/recv


###!!! [Parent][RunMessage] Error: Channel closing: too late to send/recv, messages will be lost

1644380538133	geckodriver	INFO	Listening on 127.0.0.1:62776
1644380541188	mozrunner::runner	INFO	Running command: "C:\\Program Files\\Mozilla Firefox\\firefox.exe" "--marionette" "--remote-debugging-port" "62777" "-no-remote" "-profile" "C:\\Users\\artem\\AppData\\Local\\Temp\\rust_mozprofileujiDDY"
1644380541371	Marionette	INFO	Marionette enabled
console.warn: SearchSettings: "get: No settings file exists, new profile?" (new NotFoundError("Could not open the file at C:\\Users\\artem\\AppData\\Local\\Temp\\rust_mozprofileujiDDY\\search.json.mozlz4", (void 0)))
DevTools listening on ws://localhost:62777/devtools/browser/b0c9367a-fbdb-4108-919c-b4bc61a6cbec
1644380542591	Marionette	INFO	Listening on port 62783
1644380542728	RemoteAgent	WARN	TLS certificate errors will be ignored for this session
1644380555466	Marionette	INFO	Stopped listening on port 62783

###!!! [Parent][RunMessage] Error: Channel closing: too late to send/recv, messages will be lost

1644380576400	geckodriver	INFO	Listening on 127.0.0.1:62848
1644380579431	mozrunner::runner	INFO	Running command: "C:\\Program Files\\Mozilla Firefox\\firefox.exe" "--marionette" "--remote-debugging-port" "62849" "-no-remote" "-profile" "C:\\Users\\artem\\AppData\\Local\\Temp\\rust_mozprofileNVkkpN"
1644380579628	Marionette	INFO	Marionette enabled
console.warn: SearchSettings: "get: No settings file exists, new profile?" (new NotFoundError("Could not open the file at C:\\Users\\artem\\AppData\\Local\\Temp\\rust_mozprofileNVkkpN\\search.json.mozlz4", (void 0)))
DevTools listening on ws://localhost:62849/devtools/browser/9d7f6cfb-b72f-4ffa-b5f4-4164109c7393
1644380580856	Marionette	INFO	Listening on port 62855
1644380580979	RemoteAgent	WARN	TLS certificate errors will be ignored for this session
console.warn: LoginRecipes: "getRecipes: falling back to a synchronous message for:" "https://ru.pathofexile.com"
1644380605290	Marionette	INFO	Stopped listening on port 62855

###!!! [Child][RunMessage] Error: Channel closing: too late to send/recv, messages will be lost


###!!! [Parent][MessageChannel] Error: (msgtype=0x3A007A,name=PContent::Msg_DestroyBrowsingContextGroup) Closed channel: cannot send/recv


###!!! [Parent][RunMessage] Error: Channel closing: too late to send/recv, messages will be lost

1644380695207	geckodriver	INFO	Listening on 127.0.0.1:63052
1644380698277	mozrunner::runner	INFO	Running command: "C:\\Program Files\\Mozilla Firefox\\firefox.exe" "--marionette" "--remote-debugging-port" "63053" "-no-remote" "-profile" "C:\\Users\\artem\\AppData\\Local\\Temp\\rust_mozprofileya7SUW"
1644380698463	Marionette	INFO	Marionette enabled
console.warn: SearchSettings: "get: No settings file exists, new profile?" (new NotFoundError("Could not open the file at C:\\Users\\artem\\AppData\\Local\\Temp\\rust_mozprofileya7SUW\\search.json.mozlz4", (void 0)))
DevTools listening on ws://localhost:63053/devtools/browser/31e1b35c-917e-4cf0-80b7-b627ee702ca8
1644380699672	Marionette	INFO	Listening on port 63060
1644380699818	RemoteAgent	WARN	TLS certificate errors will be ignored for this session
1644380712073	Marionette	INFO	Stopped listening on port 63060

###!!! [Parent][MessageChannel] Error: (msgtype=0x3A007A,name=PContent::Msg_DestroyBrowsingContextGroup) Closed channel: cannot send/recv


###!!! [Parent][RunMessage] Error: Channel closing: too late to send/recv, messages will be lost

1644380731036	geckodriver	INFO	Listening on 127.0.0.1:63122
1644380734110	mozrunner::runner	INFO	Running command: "C:\\Program Files\\Mozilla Firefox\\firefox.exe" "--marionette" "--remote-debugging-port" "63123" "-no-remote" "-profile" "C:\\Users\\artem\\AppData\\Local\\Temp\\rust_mozprofile8rIZ8X"
1644380734295	Marionette	INFO	Marionette enabled
console.warn: SearchSettings: "get: No settings file exists, new profile?" (new NotFoundError("Could not open the file at C:\\Users\\artem\\AppData\\Local\\Temp\\rust_mozprofile8rIZ8X\\search.json.mozlz4", (void 0)))
DevTools listening on ws://localhost:63123/devtools/browser/5373ab39-e47c-47e4-b685-c622aa778b82
1644380735508	Marionette	INFO	Listening on port 63129
1644380735636	RemoteAgent	WARN	TLS certificate errors will be ignored for this session
1644380754797	Marionette	INFO	Stopped listening on port 63129
console.warn: TopSitesFeed: Failed to fetch data from Contile server: NetworkError when attempting to fetch resource.
JavaScript error: chrome://remote/content/marionette/cert.js, line 55: NS_ERROR_NOT_AVAILABLE: Component returned failure code: 0x80040111 (NS_ERROR_NOT_AVAILABLE) [nsICertOverrideService.setDisableAllSecurityChecksAndLetAttackersInterceptMyData]

###!!! [Parent][RunMessage] Error: Channel closing: too late to send/recv, messages will be lost

1644380788641	geckodriver	INFO	Listening on 127.0.0.1:63206
1644380791704	mozrunner::runner	INFO	Running command: "C:\\Program Files\\Mozilla Firefox\\firefox.exe" "--marionette" "--remote-debugging-port" "63207" "-no-remote" "-profile" "C:\\Users\\artem\\AppData\\Local\\Temp\\rust_mozprofileEwkCjc"
1644380791891	Marionette	INFO	Marionette enabled
console.warn: SearchSettings: "get: No settings file exists, new profile?" (new NotFoundError("Could not open the file at C:\\Users\\artem\\AppData\\Local\\Temp\\rust_mozprofileEwkCjc\\search.json.mozlz4", (void 0)))
DevTools listening on ws://localhost:63207/devtools/browser/1562ed72-5d95-4de5-b1d9-f9d3cea65648
1644380793107	Marionette	INFO	Listening on port 63213
1644380793262	RemoteAgent	WARN	TLS certificate errors will be ignored for this session
1644380817579	Marionette	INFO	Stopped listening on port 63213
console.warn: TopSitesFeed: Failed to fetch data from Contile server: NetworkError when attempting to fetch resource.
JavaScript error: chrome://remote/content/marionette/cert.js, line 55: NS_ERROR_NOT_AVAILABLE: Component returned failure code: 0x80040111 (NS_ERROR_NOT_AVAILABLE) [nsICertOverrideService.setDisableAllSecurityChecksAndLetAttackersInterceptMyData]

###!!! [Parent][RunMessage] Error: Channel closing: too late to send/recv, messages will be lost

1644380831352	geckodriver	INFO	Listening on 127.0.0.1:63591
1644380834438	mozrunner::runner	INFO	Running command: "C:\\Program Files\\Mozilla Firefox\\firefox.exe" "--marionette" "--remote-debugging-port" "63592" "-no-remote" "-profile" "C:\\Users\\artem\\AppData\\Local\\Temp\\rust_mozprofileN7zibw"
1644380834628	Marionette	INFO	Marionette enabled
console.warn: SearchSettings: "get: No settings file exists, new profile?" (new NotFoundError("Could not open the file at C:\\Users\\artem\\AppData\\Local\\Temp\\rust_mozprofileN7zibw\\search.json.mozlz4", (void 0)))
DevTools listening on ws://localhost:63592/devtools/browser/c0ab9518-6d7e-487c-8817-f12ccffa2d2d
1644380835985	Marionette	INFO	Listening on port 63598
1644380836480	RemoteAgent	WARN	TLS certificate errors will be ignored for this session
1644380866308	Marionette	INFO	Stopped listening on port 63598

###!!! [Parent][RunMessage] Error: Channel closing: too late to send/recv, messages will be lost

1644380902899	geckodriver	INFO	Listening on 127.0.0.1:63681
1644380905959	mozrunner::runner	INFO	Running command: "C:\\Program Files\\Mozilla Firefox\\firefox.exe" "--marionette" "--remote-debugging-port" "63682" "-no-remote" "-profile" "C:\\Users\\artem\\AppData\\Local\\Temp\\rust_mozprofileHXawhM"
1644380906143	Marionette	INFO	Marionette enabled
console.warn: SearchSettings: "get: No settings file exists, new profile?" (new NotFoundError("Could not open the file at C:\\Users\\artem\\AppData\\Local\\Temp\\rust_mozprofileHXawhM\\search.json.mozlz4", (void 0)))
DevTools listening on ws://localhost:63682/devtools/browser/f49bfee1-5ecf-495c-9fb0-0ae61a734e20
1644380907357	Marionette	INFO	Listening on port 63688
1644380907500	RemoteAgent	WARN	TLS certificate errors will be ignored for this session
JavaScript error: resource://devtools/server/actors/network-monitor/network-event-actor.js, line 110: Error: Got a request https://web.poecdn.com/css/font.css?v=4708f8d6bd53eeadc9778c148b28e361 without a browsingContextID set
JavaScript error: resource://devtools/server/actors/network-monitor/network-event-actor.js, line 110: Error: Got a request https://web.poecdn.com/css/trade.css?v=2d08695d77cfb36e243e886481b06d1b without a browsingContextID set
1644380942917	Marionette	INFO	Stopped listening on port 63688
JavaScript error: , line 0: NotFoundError: No such JSWindowActor 'DevToolsFrame'

###!!! [Parent][RunMessage] Error: Channel closing: too late to send/recv, messages will be lost

1644381381627	geckodriver	INFO	Listening on 127.0.0.1:63916
1644381384671	mozrunner::runner	INFO	Running command: "C:\\Program Files\\Mozilla Firefox\\firefox.exe" "--marionette" "--remote-debugging-port" "63917" "-no-remote" "-profile" "C:\\Users\\artem\\AppData\\Local\\Temp\\rust_mozprofileNBAKFE"
1644381384860	Marionette	INFO	Marionette enabled
console.warn: SearchSettings: "get: No settings file exists, new profile?" (new NotFoundError("Could not open the file at C:\\Users\\artem\\AppData\\Local\\Temp\\rust_mozprofileNBAKFE\\search.json.mozlz4", (void 0)))
DevTools listening on ws://localhost:63917/devtools/browser/a0612de8-57fa-4da0-bd3b-59b3ac299d01
1644381386245	Marionette	INFO	Listening on port 63923
1644381386719	RemoteAgent	WARN	TLS certificate errors will be ignored for this session
1644381401120	Marionette	INFO	Stopped listening on port 63923

###!!! [Parent][RunMessage] Error: Channel closing: too late to send/recv, messages will be lost

1644381548308	geckodriver	INFO	Listening on 127.0.0.1:64077
1644381551378	mozrunner::runner	INFO	Running command: "C:\\Program Files\\Mozilla Firefox\\firefox.exe" "--marionette" "--remote-debugging-port" "64078" "-no-remote" "-profile" "C:\\Users\\artem\\AppData\\Local\\Temp\\rust_mozprofilek2jBjv"
1644381551569	Marionette	INFO	Marionette enabled
console.warn: SearchSettings: "get: No settings file exists, new profile?" (new NotFoundError("Could not open the file at C:\\Users\\artem\\AppData\\Local\\Temp\\rust_mozprofilek2jBjv\\search.json.mozlz4", (void 0)))
DevTools listening on ws://localhost:64078/devtools/browser/591c6c22-5ada-4e2d-9424-d19b1119042c
1644381552777	Marionette	INFO	Listening on port 64084
1644381552913	RemoteAgent	WARN	TLS certificate errors will be ignored for this session
1644381569063	Marionette	INFO	Stopped listening on port 64084

###!!! [Parent][RunMessage] Error: Channel closing: too late to send/recv, messages will be lost

1644381651761	geckodriver	INFO	Listening on 127.0.0.1:64170
1644381654853	mozrunner::runner	INFO	Running command: "C:\\Program Files\\Mozilla Firefox\\firefox.exe" "--marionette" "--remote-debugging-port" "64171" "-no-remote" "-profile" "C:\\Users\\artem\\AppData\\Local\\Temp\\rust_mozprofileFNkR3L"
1644381655043	Marionette	INFO	Marionette enabled
console.warn: SearchSettings: "get: No settings file exists, new profile?" (new NotFoundError("Could not open the file at C:\\Users\\artem\\AppData\\Local\\Temp\\rust_mozprofileFNkR3L\\search.json.mozlz4", (void 0)))
DevTools listening on ws://localhost:64171/devtools/browser/f8f3cd25-d358-4522-93b4-3b3c897ac586
1644381656246	Marionette	INFO	Listening on port 64178
1644381656391	RemoteAgent	WARN	TLS certificate errors will be ignored for this session
1644381674525	Marionette	INFO	Stopped listening on port 64178

###!!! [Parent][RunMessage] Error: Channel closing: too late to send/recv, messages will be lost

1644381686733	geckodriver	INFO	Listening on 127.0.0.1:64246
1644381689795	mozrunner::runner	INFO	Running command: "C:\\Program Files\\Mozilla Firefox\\firefox.exe" "--marionette" "--remote-debugging-port" "64247" "-no-remote" "-profile" "C:\\Users\\artem\\AppData\\Local\\Temp\\rust_mozprofilevfMuA1"
1644381689984	Marionette	INFO	Marionette enabled
console.warn: SearchSettings: "get: No settings file exists, new profile?" (new NotFoundError("Could not open the file at C:\\Users\\artem\\AppData\\Local\\Temp\\rust_mozprofilevfMuA1\\search.json.mozlz4", (void 0)))
DevTools listening on ws://localhost:64247/devtools/browser/fbe0107a-27b4-4517-82b4-2e9540dddf4e
1644381691188	Marionette	INFO	Listening on port 64253
1644381691329	RemoteAgent	WARN	TLS certificate errors will be ignored for this session
1644381718459	Marionette	INFO	Stopped listening on port 64253
[Parent 11496, IPC I/O Parent] WARNING: file /builds/worker/checkouts/gecko/ipc/chromium/src/base/process_util_win.cc:167

###!!! [Parent][RunMessage] Error: Channel closing: too late to send/recv, messages will be lost

1644381934749	geckodriver	INFO	Listening on 127.0.0.1:64394
1644381937820	mozrunner::runner	INFO	Running command: "C:\\Program Files\\Mozilla Firefox\\firefox.exe" "--marionette" "--remote-debugging-port" "64395" "-no-remote" "-profile" "C:\\Users\\artem\\AppData\\Local\\Temp\\rust_mozprofileGrQbMK"
1644381938008	Marionette	INFO	Marionette enabled
console.warn: SearchSettings: "get: No settings file exists, new profile?" (new NotFoundError("Could not open the file at C:\\Users\\artem\\AppData\\Local\\Temp\\rust_mozprofileGrQbMK\\search.json.mozlz4", (void 0)))
DevTools listening on ws://localhost:64395/devtools/browser/bff1b50e-f9dc-476a-9db9-8096f8e94ea0
1644381939238	Marionette	INFO	Listening on port 64401
1644381939370	RemoteAgent	WARN	TLS certificate errors will be ignored for this session
1644381968541	Marionette	INFO	Stopped listening on port 64401
console.warn: TopSitesFeed: Failed to fetch data from Contile server: NetworkError when attempting to fetch resource.
1644382079415	geckodriver	INFO	Listening on 127.0.0.1:64525
1644382082456	mozrunner::runner	INFO	Running command: "C:\\Program Files\\Mozilla Firefox\\firefox.exe" "--marionette" "--remote-debugging-port" "64526" "-no-remote" "-profile" "C:\\Users\\artem\\AppData\\Local\\Temp\\rust_mozprofile5nRMHL"
1644382082650	Marionette	INFO	Marionette enabled
console.warn: SearchSettings: "get: No settings file exists, new profile?" (new NotFoundError("Could not open the file at C:\\Users\\artem\\AppData\\Local\\Temp\\rust_mozprofile5nRMHL\\search.json.mozlz4", (void 0)))
DevTools listening on ws://localhost:64526/devtools/browser/430c84f4-60d2-480d-b323-591de3a188cb
1644382083863	Marionette	INFO	Listening on port 64537
1644382083986	RemoteAgent	WARN	TLS certificate errors will be ignored for this session
1644382105895	Marionette	INFO	Stopped listening on port 64537
console.warn: TopSitesFeed: Failed to fetch data from Contile server: NetworkError when attempting to fetch resource.
JavaScript error: chrome://remote/content/marionette/cert.js, line 55: NS_ERROR_NOT_AVAILABLE: Component returned failure code: 0x80040111 (NS_ERROR_NOT_AVAILABLE) [nsICertOverrideService.setDisableAllSecurityChecksAndLetAttackersInterceptMyData]

###!!! [Parent][RunMessage] Error: Channel closing: too late to send/recv, messages will be lost

1644383100546	geckodriver	INFO	Listening on 127.0.0.1:65126
1644383103633	mozrunner::runner	INFO	Running command: "C:\\Program Files\\Mozilla Firefox\\firefox.exe" "--marionette" "--remote-debugging-port" "65127" "-no-remote" "-profile" "C:\\Users\\artem\\AppData\\Local\\Temp\\rust_mozprofileSrPL9m"
1644383103821	Marionette	INFO	Marionette enabled
console.warn: SearchSettings: "get: No settings file exists, new profile?" (new NotFoundError("Could not open the file at C:\\Users\\artem\\AppData\\Local\\Temp\\rust_mozprofileSrPL9m\\search.json.mozlz4", (void 0)))
DevTools listening on ws://localhost:65127/devtools/browser/aa3c30db-b491-4260-8037-bcc30f555c98
1644383105103	Marionette	INFO	Listening on port 65133
1644383105173	RemoteAgent	WARN	TLS certificate errors will be ignored for this session
1644383118500	Marionette	INFO	Stopped listening on port 65133

###!!! [Parent][RunMessage] Error: Channel closing: too late to send/recv, messages will be lost

1644383387932	geckodriver	INFO	Listening on 127.0.0.1:65297
1644383391015	mozrunner::runner	INFO	Running command: "C:\\Program Files\\Mozilla Firefox\\firefox.exe" "--marionette" "--remote-debugging-port" "65298" "-no-remote" "-profile" "C:\\Users\\artem\\AppData\\Local\\Temp\\rust_mozprofileTDEXhY"
1644383391204	Marionette	INFO	Marionette enabled
console.warn: SearchSettings: "get: No settings file exists, new profile?" (new NotFoundError("Could not open the file at C:\\Users\\artem\\AppData\\Local\\Temp\\rust_mozprofileTDEXhY\\search.json.mozlz4", (void 0)))
DevTools listening on ws://localhost:65298/devtools/browser/c12e36bd-4844-496a-bbc8-3020cd1144b7
1644383392400	Marionette	INFO	Listening on port 65304
1644383392558	RemoteAgent	WARN	TLS certificate errors will be ignored for this session
1644383405249	Marionette	INFO	Stopped listening on port 65304

###!!! [Parent][MessageChannel] Error: (msgtype=0x3A007A,name=PContent::Msg_DestroyBrowsingContextGroup) Closed channel: cannot send/recv


###!!! [Parent][RunMessage] Error: Channel closing: too late to send/recv, messages will be lost

1644383423439	geckodriver	INFO	Listening on 127.0.0.1:65366
1644383426523	mozrunner::runner	INFO	Running command: "C:\\Program Files\\Mozilla Firefox\\firefox.exe" "--marionette" "--remote-debugging-port" "65367" "-no-remote" "-profile" "C:\\Users\\artem\\AppData\\Local\\Temp\\rust_mozprofileAjIA75"
1644383426705	Marionette	INFO	Marionette enabled
console.warn: SearchSettings: "get: No settings file exists, new profile?" (new NotFoundError("Could not open the file at C:\\Users\\artem\\AppData\\Local\\Temp\\rust_mozprofileAjIA75\\search.json.mozlz4", (void 0)))
DevTools listening on ws://localhost:65367/devtools/browser/3e7a6d3d-95e5-4ad1-b798-0d297cc60273
1644383427913	Marionette	INFO	Listening on port 65373
1644383428053	RemoteAgent	WARN	TLS certificate errors will be ignored for this session
1644383440368	Marionette	INFO	Stopped listening on port 65373

###!!! [Parent][RunMessage] Error: Channel closing: too late to send/recv, messages will be lost

1644383468518	geckodriver	INFO	Listening on 127.0.0.1:65439
1644383471586	mozrunner::runner	INFO	Running command: "C:\\Program Files\\Mozilla Firefox\\firefox.exe" "--marionette" "--remote-debugging-port" "65440" "-no-remote" "-profile" "C:\\Users\\artem\\AppData\\Local\\Temp\\rust_mozprofileyfV9mW"
1644383471773	Marionette	INFO	Marionette enabled
console.warn: SearchSettings: "get: No settings file exists, new profile?" (new NotFoundError("Could not open the file at C:\\Users\\artem\\AppData\\Local\\Temp\\rust_mozprofileyfV9mW\\search.json.mozlz4", (void 0)))
DevTools listening on ws://localhost:65440/devtools/browser/2775311b-5241-496f-a361-03f8df48fe92
1644383472948	Marionette	INFO	Listening on port 65446
1644383473140	RemoteAgent	WARN	TLS certificate errors will be ignored for this session
1644383485430	Marionette	INFO	Stopped listening on port 65446

###!!! [Parent][RunMessage] Error: Channel closing: too late to send/recv, messages will be lost

1644383546549	geckodriver	INFO	Listening on 127.0.0.1:65529
1644383549616	mozrunner::runner	INFO	Running command: "C:\\Program Files\\Mozilla Firefox\\firefox.exe" "--marionette" "--remote-debugging-port" "65530" "-no-remote" "-profile" "C:\\Users\\artem\\AppData\\Local\\Temp\\rust_mozprofilenkV4m3"
1644383549804	Marionette	INFO	Marionette enabled
console.warn: SearchSettings: "get: No settings file exists, new profile?" (new NotFoundError("Could not open the file at C:\\Users\\artem\\AppData\\Local\\Temp\\rust_mozprofilenkV4m3\\search.json.mozlz4", (void 0)))
DevTools listening on ws://localhost:65530/devtools/browser/53035412-7fd9-4f87-8821-5923be1d8f93
1644383551140	Marionette	INFO	Listening on port 49153
1644383551170	RemoteAgent	WARN	TLS certificate errors will be ignored for this session
1644383565454	Marionette	INFO	Stopped listening on port 49153

###!!! [Parent][RunMessage] Error: Channel closing: too late to send/recv, messages will be lost

1644383657775	geckodriver	INFO	Listening on 127.0.0.1:49641
1644383660874	mozrunner::runner	INFO	Running command: "C:\\Program Files\\Mozilla Firefox\\firefox.exe" "--marionette" "--remote-debugging-port" "49642" "-no-remote" "-profile" "C:\\Users\\artem\\AppData\\Local\\Temp\\rust_mozprofileMBgfIe"
1644383661064	Marionette	INFO	Marionette enabled
console.warn: SearchSettings: "get: No settings file exists, new profile?" (new NotFoundError("Could not open the file at C:\\Users\\artem\\AppData\\Local\\Temp\\rust_mozprofileMBgfIe\\search.json.mozlz4", (void 0)))
DevTools listening on ws://localhost:49642/devtools/browser/8c6695e9-6286-42b2-8f3d-2c26eef99506
1644383662285	Marionette	INFO	Listening on port 49648
1644383662421	RemoteAgent	WARN	TLS certificate errors will be ignored for this session
1644383690206	Marionette	INFO	Stopped listening on port 49648
console.warn: TopSitesFeed: Failed to fetch data from Contile server: NetworkError when attempting to fetch resource.
JavaScript error: chrome://remote/content/marionette/cert.js, line 55: NS_ERROR_NOT_AVAILABLE: Component returned failure code: 0x80040111 (NS_ERROR_NOT_AVAILABLE) [nsICertOverrideService.setDisableAllSecurityChecksAndLetAttackersInterceptMyData]

###!!! [Parent][RunMessage] Error: Channel closing: too late to send/recv, messages will be lost

1644383697750	geckodriver	INFO	Listening on 127.0.0.1:49724
1644383700831	mozrunner::runner	INFO	Running command: "C:\\Program Files\\Mozilla Firefox\\firefox.exe" "--marionette" "--remote-debugging-port" "49725" "-no-remote" "-profile" "C:\\Users\\artem\\AppData\\Local\\Temp\\rust_mozprofileKeChan"
1644383701019	Marionette	INFO	Marionette enabled
console.warn: SearchSettings: "get: No settings file exists, new profile?" (new NotFoundError("Could not open the file at C:\\Users\\artem\\AppData\\Local\\Temp\\rust_mozprofileKeChan\\search.json.mozlz4", (void 0)))
DevTools listening on ws://localhost:49725/devtools/browser/b374bbd8-7095-4a10-91a2-bf1c6410fc09
1644383702210	Marionette	INFO	Listening on port 49731
1644383702376	RemoteAgent	WARN	TLS certificate errors will be ignored for this session
1644383729515	Marionette	INFO	Stopped listening on port 49731

###!!! [Parent][RunMessage] Error: Channel closing: too late to send/recv, messages will be lost

1644383752436	geckodriver	INFO	Listening on 127.0.0.1:49809
1644383755524	mozrunner::runner	INFO	Running command: "C:\\Program Files\\Mozilla Firefox\\firefox.exe" "--marionette" "--remote-debugging-port" "49810" "-no-remote" "-profile" "C:\\Users\\artem\\AppData\\Local\\Temp\\rust_mozprofileucKWyf"
1644383755717	Marionette	INFO	Marionette enabled
console.warn: SearchSettings: "get: No settings file exists, new profile?" (new NotFoundError("Could not open the file at C:\\Users\\artem\\AppData\\Local\\Temp\\rust_mozprofileucKWyf\\search.json.mozlz4", (void 0)))
DevTools listening on ws://localhost:49810/devtools/browser/127f0b99-e503-4a0a-a341-95a2809293ee
1644383756905	Marionette	INFO	Listening on port 49816
1644383757073	RemoteAgent	WARN	TLS certificate errors will be ignored for this session
1644383808587	geckodriver	INFO	Listening on 127.0.0.1:49903
1644383811665	mozrunner::runner	INFO	Running command: "C:\\Program Files\\Mozilla Firefox\\firefox.exe" "--marionette" "--remote-debugging-port" "49904" "-no-remote" "-profile" "C:\\Users\\artem\\AppData\\Local\\Temp\\rust_mozprofileUHoeEj"
1644383811854	Marionette	INFO	Marionette enabled
console.warn: SearchSettings: "get: No settings file exists, new profile?" (new NotFoundError("Could not open the file at C:\\Users\\artem\\AppData\\Local\\Temp\\rust_mozprofileUHoeEj\\search.json.mozlz4", (void 0)))
DevTools listening on ws://localhost:49904/devtools/browser/74e9bdaa-519d-4f08-8269-8ed901247272
1644383813059	Marionette	INFO	Listening on port 49910
1644383813201	RemoteAgent	WARN	TLS certificate errors will be ignored for this session
1644383825867	Marionette	INFO	Stopped listening on port 49910

###!!! [Parent][RunMessage] Error: Channel closing: too late to send/recv, messages will be lost

1644384028076	geckodriver	INFO	Listening on 127.0.0.1:50099
1644384031170	mozrunner::runner	INFO	Running command: "C:\\Program Files\\Mozilla Firefox\\firefox.exe" "--marionette" "--remote-debugging-port" "50100" "-no-remote" "-profile" "C:\\Users\\artem\\AppData\\Local\\Temp\\rust_mozprofileZ22uWc"
1644384031356	Marionette	INFO	Marionette enabled
console.warn: SearchSettings: "get: No settings file exists, new profile?" (new NotFoundError("Could not open the file at C:\\Users\\artem\\AppData\\Local\\Temp\\rust_mozprofileZ22uWc\\search.json.mozlz4", (void 0)))
DevTools listening on ws://localhost:50100/devtools/browser/a27c5670-f4a2-443c-80c1-947d849f7e0e
1644384032565	Marionette	INFO	Listening on port 50106
1644384032696	RemoteAgent	WARN	TLS certificate errors will be ignored for this session
1644384058318	Marionette	INFO	Stopped listening on port 50106

###!!! [Parent][RunMessage] Error: Channel closing: too late to send/recv, messages will be lost

1644384100953	geckodriver	INFO	Listening on 127.0.0.1:50182
1644384104038	mozrunner::runner	INFO	Running command: "C:\\Program Files\\Mozilla Firefox\\firefox.exe" "--marionette" "--remote-debugging-port" "50183" "-no-remote" "-profile" "C:\\Users\\artem\\AppData\\Local\\Temp\\rust_mozprofilelpjzKR"
1644384104221	Marionette	INFO	Marionette enabled
console.warn: SearchSettings: "get: No settings file exists, new profile?" (new NotFoundError("Could not open the file at C:\\Users\\artem\\AppData\\Local\\Temp\\rust_mozprofilelpjzKR\\search.json.mozlz4", (void 0)))
DevTools listening on ws://localhost:50183/devtools/browser/f509e964-4dda-40bc-805a-b474b3f38225
1644384105421	Marionette	INFO	Listening on port 50189
1644384105557	RemoteAgent	WARN	TLS certificate errors will be ignored for this session
1644384124801	Marionette	INFO	Stopped listening on port 50189

###!!! [Parent][RunMessage] Error: Channel closing: too late to send/recv, messages will be lost

1644384194904	geckodriver	INFO	Listening on 127.0.0.1:50320
1644384197951	mozrunner::runner	INFO	Running command: "C:\\Program Files\\Mozilla Firefox\\firefox.exe" "--marionette" "--remote-debugging-port" "50321" "-no-remote" "-profile" "C:\\Users\\artem\\AppData\\Local\\Temp\\rust_mozprofileU0ECKU"
1644384198186	Marionette	INFO	Marionette enabled
console.warn: SearchSettings: "get: No settings file exists, new profile?" (new NotFoundError("Could not open the file at C:\\Users\\artem\\AppData\\Local\\Temp\\rust_mozprofileU0ECKU\\search.json.mozlz4", (void 0)))
DevTools listening on ws://localhost:50321/devtools/browser/bfe05923-07a9-45ab-975b-fb4446f6dacc
1644384199765	Marionette	INFO	Listening on port 50341
1644384200039	RemoteAgent	WARN	TLS certificate errors will be ignored for this session
1644384229518	Marionette	INFO	Stopped listening on port 50341
console.warn: TopSitesFeed: Failed to fetch data from Contile server: NetworkError when attempting to fetch resource.
JavaScript error: chrome://remote/content/marionette/cert.js, line 55: NS_ERROR_NOT_AVAILABLE: Component returned failure code: 0x80040111 (NS_ERROR_NOT_AVAILABLE) [nsICertOverrideService.setDisableAllSecurityChecksAndLetAttackersInterceptMyData]
